app/build/outputs/logs/manifest-merger-all-debug-report.txt
-- Merging decision tree log ---
manifest
ADDED from src/main/AndroidManifest.xml:17:1-33:12
	xmlns:android
		ADDED from src/main/AndroidManifest.xml:17:11-69
	package
		ADDED from src/main/AndroidManifest.xml:18:5-35
		INJECTED from src/main/AndroidManifest.xml
		INJECTED from src/main/AndroidManifest.xml
application
ADDED from src/main/AndroidManifest.xml:19:5-30:19
	android:label
		ADDED from src/main/AndroidManifest.xml:20:13-54
activity#com.android.gles3jni.GLES3JNIActivity
ADDED from src/main/AndroidManifest.xml:21:9-29:20
	android:configChanges
		ADDED from src/main/AndroidManifest.xml:24:17-67
	android:theme
		ADDED from src/main/AndroidManifest.xml:22:17-75
	android:name
		ADDED from src/main/AndroidManifest.xml:21:19-50
	android:launchMode
		ADDED from src/main/AndroidManifest.xml:23:17-48
intent-filter#android.intent.action.MAIN+android.intent.category.LAUNCHER
ADDED from src/main/AndroidManifest.xml:25:13-28:29
action#android.intent.action.MAIN
ADDED from src/main/AndroidManifest.xml:26:17-69
	android:name
		ADDED from src/main/AndroidManifest.xml:26:25-66
category#android.intent.category.LAUNCHER
ADDED from src/main/AndroidManifest.xml:27:17-77
	android:name
		ADDED from src/main/AndroidManifest.xml:27:27-74
uses-feature#0x00030000
ADDED from src/main/AndroidManifest.xml:31:5-53
	android:glEsVersion
		ADDED from src/main/AndroidManifest.xml:31:19-51
uses-sdk
ADDED from src/main/AndroidManifest.xml:32:5-43
	android:targetSdkVersion
		INJECTED from src/main/AndroidManifest.xml
		INJECTED from src/main/AndroidManifest.xml
	android:minSdkVersion
		ADDED from src/main/AndroidManifest.xml:32:15-41
		INJECTED from src/main/AndroidManifest.xml
		INJECTED from src/main/AndroidManifest.xml